c:\users\varun\desktop\project4\sender\debug\vc140.pdb
c:\users\varun\desktop\project4\sender\debug\vc140.idb
c:\users\varun\desktop\project4\sender\debug\filesystem.obj
c:\users\varun\desktop\project4\sender\debug\httpmessage.obj
c:\users\varun\desktop\project4\sender\debug\cpp11-blockingqueue.obj
c:\users\varun\desktop\project4\sender\debug\logger.obj
c:\users\varun\desktop\project4\sender\debug\sockets.obj
c:\users\varun\desktop\project4\sender\debug\utilities.obj
c:\users\varun\desktop\project4\sender\debug\tokenizer.obj
c:\users\varun\desktop\project4\sender\debug\xmldocument.obj
c:\users\varun\desktop\project4\sender\debug\xmlelement.obj
c:\users\varun\desktop\project4\sender\debug\xmlelementparts.obj
c:\users\varun\desktop\project4\sender\debug\xmlparser.obj
c:\users\varun\desktop\project4\sender\debug\sender.obj
c:\users\varun\desktop\project4\debug\sender.ilk
c:\users\varun\desktop\project4\debug\sender.exe
c:\users\varun\desktop\project4\debug\sender.pdb
c:\users\varun\desktop\project4\sender\debug\sender.tlog\cl.command.1.tlog
c:\users\varun\desktop\project4\sender\debug\sender.tlog\cl.read.1.tlog
c:\users\varun\desktop\project4\sender\debug\sender.tlog\cl.write.1.tlog
c:\users\varun\desktop\project4\sender\debug\sender.tlog\link.command.1.tlog
c:\users\varun\desktop\project4\sender\debug\sender.tlog\link.read.1.tlog
c:\users\varun\desktop\project4\sender\debug\sender.tlog\link.write.1.tlog
