c:\users\varun\desktop\project4\client\debug\vc140.pdb
c:\users\varun\desktop\project4\client\debug\vc140.idb
c:\users\varun\desktop\project4\client\debug\filesystem.obj
c:\users\varun\desktop\project4\client\debug\httpmessage.obj
c:\users\varun\desktop\project4\client\debug\cpp11-blockingqueue.obj
c:\users\varun\desktop\project4\client\debug\logger.obj
c:\users\varun\desktop\project4\client\debug\receiver.obj
c:\users\varun\desktop\project4\client\debug\sender.obj
c:\users\varun\desktop\project4\client\debug\sockets.obj
c:\users\varun\desktop\project4\client\debug\utilities.obj
c:\users\varun\desktop\project4\client\debug\tokenizer.obj
c:\users\varun\desktop\project4\client\debug\xmldocument.obj
c:\users\varun\desktop\project4\client\debug\xmlelement.obj
c:\users\varun\desktop\project4\client\debug\xmlelementparts.obj
c:\users\varun\desktop\project4\client\debug\xmlparser.obj
c:\users\varun\desktop\project4\client\debug\xmlwriter.obj
c:\users\varun\desktop\project4\client\debug\client.obj
c:\users\varun\desktop\project4\debug\client.ilk
c:\users\varun\desktop\project4\debug\client.exe
c:\users\varun\desktop\project4\debug\client.pdb
c:\users\varun\desktop\project4\client\debug\client.tlog\cl.command.1.tlog
c:\users\varun\desktop\project4\client\debug\client.tlog\cl.read.1.tlog
c:\users\varun\desktop\project4\client\debug\client.tlog\cl.write.1.tlog
c:\users\varun\desktop\project4\client\debug\client.tlog\link.command.1.tlog
c:\users\varun\desktop\project4\client\debug\client.tlog\link.read.1.tlog
c:\users\varun\desktop\project4\client\debug\client.tlog\link.write.1.tlog
